<?xml version="1.0" encoding="UTF-8"?>
<!-- Generated by org.testng.reporters.JUnitXMLReporter -->
<testsuite ignored="0" hostname="DESKTOP-PVBHUTH" failures="0" tests="2" name="Default test" time="48.582" errors="0" timestamp="2023-03-23T19:29:15 IST">
  <testcase classname="com.telus.ninjaapplication.testcases.TestDataEndToEndApplication" name="getRegisterPage" time="40.852"/>
  <testcase classname="com.telus.ninjaapplication.testcases.TestDataEndToEndApplication" name="getLoginPage" time="7.345"/>
</testsuite> <!-- Default test -->
