<?xml version="1.0" encoding="UTF-8"?>
<!-- Generated by org.testng.reporters.JUnitXMLReporter -->
<testsuite ignored="0" hostname="DESKTOP-PVBHUTH" failures="0" tests="5" name="Default test" time="83.855" errors="0" timestamp="2023-03-29T19:19:50 IST">
  <testcase classname="com.telus.ninjaapplication.testcases.TestDataEndToEndApplication" name="getRegisterErrorPage" time="23.792"/>
  <testcase classname="com.telus.ninjaapplication.testcases.TestDataEndToEndApplication" name="getRegisterPage" time="41.494"/>
  <testcase classname="com.telus.ninjaapplication.testcases.TestDataEndToEndApplication" name="getLoginPage1" time="5.41"/>
  <testcase classname="com.telus.ninjaapplication.testcases.TestDataEndToEndApplication" name="getLoginPage2" time="5.492"/>
  <testcase classname="com.telus.ninjaapplication.testcases.TestDataEndToEndApplication" name="getLoginPage" time="6.922"/>
</testsuite> <!-- Default test -->
