<?xml version="1.0" encoding="UTF-8"?>
<!-- Generated by org.testng.reporters.JUnitXMLReporter -->
<testsuite ignored="0" hostname="DESKTOP-PVBHUTH" failures="0" tests="5" name="TestNGSuite" time="78.513" errors="0" timestamp="2023-03-29T13:44:49 IST">
  <testcase classname="com.telus.ninjaapplication.testcases.TestDataEndToEndApplication" name="getRegisterErrorPage" time="18.293"/>
  <testcase classname="com.telus.ninjaapplication.testcases.TestDataEndToEndApplication" name="getRegisterPage" time="38.636"/>
  <testcase classname="com.telus.ninjaapplication.testcases.TestDataEndToEndApplication" name="getLoginPage1" time="5.704"/>
  <testcase classname="com.telus.ninjaapplication.testcases.TestDataEndToEndApplication" name="getLoginPage2" time="5.606"/>
  <testcase classname="com.telus.ninjaapplication.testcases.TestDataEndToEndApplication" name="getLoginPage" time="7.313"/>
</testsuite> <!-- TestNGSuite -->
