<?xml version="1.0" encoding="UTF-8"?>
<testng-results ignored="0" total="2" passed="2" failed="0" skipped="0">
  <reporter-output>
  </reporter-output>
  <suite started-at="2023-03-23T19:28:27 IST" name="Default suite" finished-at="2023-03-23T19:29:15 IST" duration-ms="48582">
    <groups>
    </groups>
    <test started-at="2023-03-23T19:28:27 IST" name="Default test" finished-at="2023-03-23T19:29:15 IST" duration-ms="48582">
      <class name="com.telus.ninjaapplication.testcases.TestDataEndToEndApplication">
        <test-method is-config="true" signature="launchApplication()[pri:0, instance:com.telus.ninjaapplication.testcases.TestDataEndToEndApplication@1a245833]" started-at="2023-03-23T19:28:10 IST" name="launchApplication" finished-at="2023-03-23T19:28:27 IST" duration-ms="16756" status="PASS">
          <reporter-output>
          </reporter-output>
        </test-method> <!-- launchApplication -->
        <test-method signature="getRegisterPage()[pri:1, instance:com.telus.ninjaapplication.testcases.TestDataEndToEndApplication@1a245833]" started-at="2023-03-23T19:28:27 IST" name="getRegisterPage" finished-at="2023-03-23T19:29:08 IST" duration-ms="40852" status="PASS">
          <reporter-output>
          </reporter-output>
        </test-method> <!-- getRegisterPage -->
        <test-method signature="getLoginPage()[pri:2, instance:com.telus.ninjaapplication.testcases.TestDataEndToEndApplication@1a245833]" started-at="2023-03-23T19:29:08 IST" name="getLoginPage" finished-at="2023-03-23T19:29:15 IST" duration-ms="7345" status="PASS">
          <reporter-output>
          </reporter-output>
        </test-method> <!-- getLoginPage -->
      </class> <!-- com.telus.ninjaapplication.testcases.TestDataEndToEndApplication -->
    </test> <!-- Default test -->
  </suite> <!-- Default suite -->
</testng-results>
