<?xml version="1.0" encoding="UTF-8"?>
<testng-results ignored="0" total="5" passed="5" failed="0" skipped="0">
  <reporter-output>
  </reporter-output>
  <suite started-at="2023-03-29T19:18:26 IST" name="Default suite" finished-at="2023-03-29T19:19:50 IST" duration-ms="83855">
    <groups>
    </groups>
    <test started-at="2023-03-29T19:18:26 IST" name="Default test" finished-at="2023-03-29T19:19:50 IST" duration-ms="83855">
      <class name="com.telus.ninjaapplication.testcases.TestDataEndToEndApplication">
        <test-method is-config="true" signature="launchApplication()[pri:0, instance:com.telus.ninjaapplication.testcases.TestDataEndToEndApplication@58326051]" started-at="2023-03-29T19:18:05 IST" name="launchApplication" finished-at="2023-03-29T19:18:26 IST" duration-ms="21600" status="PASS">
          <reporter-output>
          </reporter-output>
        </test-method> <!-- launchApplication -->
        <test-method signature="getRegisterErrorPage()[pri:1, instance:com.telus.ninjaapplication.testcases.TestDataEndToEndApplication@58326051]" started-at="2023-03-29T19:18:27 IST" name="getRegisterErrorPage" finished-at="2023-03-29T19:18:50 IST" duration-ms="23792" status="PASS">
          <reporter-output>
          </reporter-output>
        </test-method> <!-- getRegisterErrorPage -->
        <test-method signature="getRegisterPage()[pri:2, instance:com.telus.ninjaapplication.testcases.TestDataEndToEndApplication@58326051]" started-at="2023-03-29T19:18:51 IST" name="getRegisterPage" finished-at="2023-03-29T19:19:32 IST" duration-ms="41494" status="PASS">
          <reporter-output>
          </reporter-output>
        </test-method> <!-- getRegisterPage -->
        <test-method signature="getLoginPage1()[pri:3, instance:com.telus.ninjaapplication.testcases.TestDataEndToEndApplication@58326051]" started-at="2023-03-29T19:19:32 IST" name="getLoginPage1" finished-at="2023-03-29T19:19:38 IST" duration-ms="5410" status="PASS">
          <reporter-output>
          </reporter-output>
        </test-method> <!-- getLoginPage1 -->
        <test-method signature="getLoginPage2()[pri:4, instance:com.telus.ninjaapplication.testcases.TestDataEndToEndApplication@58326051]" started-at="2023-03-29T19:19:38 IST" name="getLoginPage2" finished-at="2023-03-29T19:19:43 IST" duration-ms="5492" status="PASS">
          <reporter-output>
          </reporter-output>
        </test-method> <!-- getLoginPage2 -->
        <test-method signature="getLoginPage()[pri:5, instance:com.telus.ninjaapplication.testcases.TestDataEndToEndApplication@58326051]" started-at="2023-03-29T19:19:43 IST" name="getLoginPage" finished-at="2023-03-29T19:19:50 IST" duration-ms="6922" status="PASS">
          <reporter-output>
          </reporter-output>
        </test-method> <!-- getLoginPage -->
        <test-method is-config="true" signature="closeApplication()[pri:0, instance:com.telus.ninjaapplication.testcases.TestDataEndToEndApplication@58326051]" started-at="2023-03-29T19:19:51 IST" name="closeApplication" finished-at="2023-03-29T19:19:52 IST" duration-ms="1451" status="PASS">
          <reporter-output>
          </reporter-output>
        </test-method> <!-- closeApplication -->
      </class> <!-- com.telus.ninjaapplication.testcases.TestDataEndToEndApplication -->
    </test> <!-- Default test -->
  </suite> <!-- Default suite -->
</testng-results>
